([],
 [MkAssertion (And (Eq (Lit 0)
                       (Lit 1)
                       (MkEvald (Lit 0) 0)
                       (MkEvald (Lit 1) 1)
                       (No ZnotS))
                   (Eq (Lit 0) (Lit 1) (MkEvald (Lit 0) 0) (MkEvald (Lit 1) 1) (No ZnotS))
                   (MkBEvald (Eq (Lit 0)
                                 (Lit 1)
                                 (MkEvald (Lit 0) 0)
                                 (MkEvald (Lit 1) 1)
                                 (No ZnotS))
                             False)
                   (MkBEvald (Eq (Lit 0)
                                 (Lit 1)
                                 (MkEvald (Lit 0) 0)
                                 (MkEvald (Lit 1) 1)
                                 (No ZnotS))
                             False)
                   (No absurd))]) : (List (String, Nat), List Assertion)

