([],
 [MkAssertion (Or (Eq (Lit 1)
                      (Lit 1)
                      (MkEvald (Lit 1) 1)
                      (MkEvald (Lit 1) 1)
                      (Yes Refl))
                  (Eq (Lit 0) (Lit 1) (MkEvald (Lit 0) 0) (MkEvald (Lit 1) 1)
                                                                    (No ZnotS))
                  (MkBEvald (Eq (Lit 1)
                                (Lit 1)
                                (MkEvald (Lit 1) 1)
                                (MkEvald (Lit 1) 1)
                                (Yes Refl))
                            True)
                  (MkBEvald (Eq (Lit 0)
                                (Lit 1)
                                (MkEvald (Lit 0) 0)
                                (MkEvald (Lit 1) 1)
                                (No ZnotS))
                            False)
                  (Yes MkOrL))]) : (List (String, Nat), List Assertion)

