([],
 [MkAssertion (Or (Eq (Lit 1)
                      (Lit 1)
                      (MkEvald (Lit 1) 1)
                      (MkEvald (Lit 1) 1)
                      (Yes Refl))
                  (Eq (Lit 1) (Lit 1) (MkEvald (Lit 1) 1) (MkEvald (Lit 1) 1)
                                                                    (Yes Refl))
                  (MkBEvald (Eq (Lit 1)
                                (Lit 1)
                                (MkEvald (Lit 1) 1)
                                (MkEvald (Lit 1) 1)
                                (Yes Refl))
                            True)
                  (MkBEvald (Eq (Lit 1)
                                (Lit 1)
                                (MkEvald (Lit 1) 1)
                                (MkEvald (Lit 1) 1)
                                (Yes Refl))
                            True)
                  (Yes MkOr))]) : (List (String, Nat), List Assertion)

